// 重构日志: a5bc2a17
// 同步 ID: 5cb26295 @ Sat Jun 27 12:54:12 UTC 2026
// 同步 ID: f26d181e @ Sun Jun 28 05:53:04 UTC 2026
// 重构日志: 43533c18
// 重构日志: 493e681f
// 重构日志: 8adda0a2
// 同步 ID: 3f909902 @ Mon Jun 29 07:26:08 UTC 2026
// 重构日志: 332ab2e9
// 重构日志: d3cce995
// 同步 ID: 55ec1734 @ Sat Jul  4 04:09:05 UTC 2026
// 同步 ID: fdc1d8fe @ Sat Jul  4 07:43:54 UTC 2026
// 同步 ID: c66faaf2 @ Sat Jul  4 15:38:32 UTC 2026
// 重构日志: d2ce0e56
// 同步 ID: d237e459 @ Tue Jul  7 16:01:24 UTC 2026
// 重构日志: 6e4cdf69
// 同步 ID: a114f5d1 @ Wed Jul  8 00:33:05 UTC 2026
// 重构日志: 43479753
// 重构日志: e3fc25d7
// 同步 ID: eb27d394 @ Fri Jul 10 21:02:46 UTC 2026
// 同步 ID: 9acfa0f4 @ Mon Jul 13 15:36:07 UTC 2026
// 重构日志: 4d4f38ae
// 重构日志: b904245b
// 重构日志: 9d839c8c
// 同步 ID: 4a84a5f4 @ Wed Jul 15 09:55:58 UTC 2026
// 重构日志: 2648534a
// 同步 ID: 7706c56c @ Thu Jul 16 15:22:59 UTC 2026
// 重构日志: 8ad09b18
// 重构日志: 450039d0
// 重构日志: 32fec106
// 同步 ID: bcecb2d3 @ Sat Jul 18 10:42:38 UTC 2026
